/*C12*/SET SCHEMA PUBLIC
INSERT INTO PERSON VALUES(13,'Bob','Doe',18)
COMMIT
INSERT INTO PERSON VALUES(14,'Alice','Foo',23)
COMMIT
INSERT INTO PERSON VALUES(15,'Charlie','Brown',42)
COMMIT
DISCONNECT
/*C13*/SET SCHEMA PUBLIC
DISCONNECT
/*C14*/SET SCHEMA PUBLIC
DELETE FROM PERSON WHERE ID=13
DELETE FROM PERSON WHERE ID=14
DELETE FROM PERSON WHERE ID=15
COMMIT
INSERT INTO PERSON VALUES(16,'Bob','Doe',18)
COMMIT
INSERT INTO PERSON VALUES(17,'Alice','Foo',23)
COMMIT
INSERT INTO PERSON VALUES(18,'Charlie','Brown',42)
COMMIT
DISCONNECT
/*C15*/SET SCHEMA PUBLIC
DISCONNECT
/*C16*/SET SCHEMA PUBLIC
DELETE FROM PERSON WHERE ID=16
DELETE FROM PERSON WHERE ID=17
DELETE FROM PERSON WHERE ID=18
COMMIT
INSERT INTO PERSON VALUES(19,'Bob','Doe',18)
COMMIT
INSERT INTO PERSON VALUES(20,'Alice','Foo',23)
COMMIT
INSERT INTO PERSON VALUES(21,'Charlie','Brown',42)
COMMIT
DISCONNECT
/*C17*/SET SCHEMA PUBLIC
DELETE FROM PERSON WHERE ID=21
INSERT INTO PERSON VALUES(21,'Ola','Brown',42)
COMMIT
DISCONNECT
/*C18*/SET SCHEMA PUBLIC
DELETE FROM PERSON WHERE ID=19
DELETE FROM PERSON WHERE ID=20
DELETE FROM PERSON WHERE ID=21
COMMIT
